<?xml version="1.0" encoding="UTF-8"?>
<testng-results skipped="0" failed="0" ignored="0" total="1" passed="1">
  <reporter-output>
  </reporter-output>
  <suite name="Default suite" duration-ms="55305" started-at="2017-06-20T10:29:06Z" finished-at="2017-06-20T10:30:02Z">
    <groups>
    </groups>
    <test name="Default test" duration-ms="55305" started-at="2017-06-20T10:29:06Z" finished-at="2017-06-20T10:30:02Z">
      <class name="com.learn.automation.maven.noddleLoginTest">
        <test-method status="PASS" signature="setUp()[pri:0, instance:com.learn.automation.maven.noddleLoginTest@66a3ffec]" name="setUp" is-config="true" duration-ms="4101" started-at="2017-06-20T11:29:06Z" finished-at="2017-06-20T11:29:10Z">
          <reporter-output>
          </reporter-output>
        </test-method> <!-- setUp -->
        <test-method status="PASS" signature="loginPageTest()[pri:0, instance:com.learn.automation.maven.noddleLoginTest@66a3ffec]" name="loginPageTest" duration-ms="49616" started-at="2017-06-20T11:29:10Z" finished-at="2017-06-20T11:30:00Z">
          <reporter-output>
          </reporter-output>
        </test-method> <!-- loginPageTest -->
        <test-method status="PASS" signature="testDown()[pri:0, instance:com.learn.automation.maven.noddleLoginTest@66a3ffec]" name="testDown" is-config="true" duration-ms="1567" started-at="2017-06-20T11:30:00Z" finished-at="2017-06-20T11:30:02Z">
          <reporter-output>
          </reporter-output>
        </test-method> <!-- testDown -->
      </class> <!-- com.learn.automation.maven.noddleLoginTest -->
    </test> <!-- Default test -->
  </suite> <!-- Default suite -->
</testng-results>
